[2023-01-09T09:32:29.857698+00:00] Profile.WARNING: Adresas: [GET] /favicon.ico nerastas [] []
[2023-01-09T09:32:32.051835+00:00] Profile.WARNING: Adresas: [POST] / nerastas [] []
[2023-01-09T09:32:32.588807+00:00] Profile.WARNING: Adresas: [GET] /favicon.ico nerastas [] []
[2023-01-09T09:32:53.703352+00:00] Profile.WARNING: Adresas: [GET] /asd nerastas [] []
[2023-01-09T09:32:54.291592+00:00] Profile.WARNING: Adresas: [GET] /favicon.ico nerastas [] []
[2023-01-09T09:33:11.035791+00:00] Profile.WARNING: Adresas: [GET] /dashboard nerastas [] []
[2023-01-09T09:33:11.421916+00:00] Profile.WARNING: Adresas: [GET] /dashboard nerastas [] []
[2023-01-09T09:33:11.932255+00:00] Profile.WARNING: Adresas: [GET] /favicon.ico nerastas [] []
[2023-01-09T09:33:16.363638+00:00] Profile.WARNING: Adresas: [GET] /favicon.ico nerastas [] []
[2023-01-09T09:37:53.946366+00:00] Profile.WARNING: Adresas: [GET] /favicon.ico nerastas [] []
[2023-01-09T09:37:57.356053+00:00] Profile.WARNING: Atidarytas contacts puslapis [] []
[2023-01-09T09:37:58.552431+00:00] Profile.WARNING: Atidarytas contacts puslapis [] []
[2023-01-09T09:37:58.814000+00:00] Profile.WARNING: Adresas: [GET] /favicon.ico nerastas [] []
[2023-01-09T09:40:23.083567+00:00] Profile.WARNING: Adresas: [GET] /favicon.ico nerastas [] []
[2023-01-09T09:40:25.755627+00:00] Profile.WARNING: Adresas: [POST] / nerastas [] []
[2023-01-09T09:40:26.269339+00:00] Profile.WARNING: Adresas: [GET] /favicon.ico nerastas [] []
[2023-01-09T09:44:23.736903+00:00] Profile.WARNING: Adresas: [GET] /favicon.ico nerastas [] []
[2023-01-09T09:44:26.768539+00:00] Profile.WARNING: Adresas: [GET] /favicon.ico nerastas [] []
[2023-01-09T09:44:32.037674+00:00] Profile.WARNING: Adresas: [GET] /favicon.ico nerastas [] []
[2023-01-09T09:44:34.565914+00:00] Profile.WARNING: Adresas: [GET] /favicon.ico nerastas [] []
[2023-01-09T09:44:39.880145+00:00] Profile.WARNING: Adresas: [GET] /favicon.ico nerastas [] []
[2023-01-09T09:44:42.347128+00:00] Profile.WARNING: Atidarytas contacts puslapis [] []
[2023-01-09T09:44:43.013047+00:00] Profile.WARNING: Atidarytas contacts puslapis [] []
[2023-01-09T09:44:43.287711+00:00] Profile.WARNING: Adresas: [GET] /favicon.ico nerastas [] []
[2023-01-09T13:09:33.889989+00:00] Profile.WARNING: Atidarytas contacts puslapis [] []
[2023-01-09T13:09:34.324258+00:00] Profile.WARNING: Adresas: [GET] /favicon.ico nerastas [] []
[2023-01-09T13:09:36.697170+00:00] Profile.WARNING: Adresas: [GET] /favicon.ico nerastas [] []
[2023-01-09T13:09:40.425441+00:00] Profile.WARNING: Adresas: [GET] /favicon.ico nerastas [] []
[2023-01-09T13:14:22.408090+00:00] Profile.WARNING: Adresas: [GET] /favicon.ico nerastas [] []
[2023-01-09T13:15:55.441234+00:00] Profile.WARNING: Adresas: [GET] /favicon.ico nerastas [] []
[2023-01-09T13:16:06.024361+00:00] Profile.WARNING: Adresas: [GET] /favicon.ico nerastas [] []
[2023-01-09T13:16:21.565185+00:00] Profile.WARNING: Adresas: [GET] /favicon.ico nerastas [] []
[2023-01-09T13:16:24.794436+00:00] Profile.WARNING: Adresas: [GET] /favicon.ico nerastas [] []
[2023-01-09T13:16:33.420862+00:00] Profile.WARNING: Adresas: [GET] /favicon.ico nerastas [] []
[2023-01-09T13:16:55.708486+00:00] Profile.WARNING: Atidarytas contacts puslapis [] []
[2023-01-09T13:16:56.143186+00:00] Profile.WARNING: Atidarytas contacts puslapis [] []
[2023-01-09T13:16:56.652937+00:00] Profile.WARNING: Adresas: [GET] /favicon.ico nerastas [] []
[2023-01-09T13:17:45.099040+00:00] Profile.WARNING: Atidarytas contacts puslapis [] []
[2023-01-09T13:18:04.946775+00:00] Profile.WARNING: Adresas: [GET] /favicon.ico nerastas [] []
[2023-01-09T13:30:48.354624+00:00] Profile.WARNING: Atidarytas contacts puslapis [] []
[2023-01-09T13:30:53.201192+00:00] Profile.WARNING: Atidarytas contacts puslapis [] []
[2023-01-09T13:30:55.852804+00:00] Profile.WARNING: Atidarytas contacts puslapis [] []
[2023-01-09T13:30:57.436614+00:00] Profile.WARNING: Atidarytas contacts puslapis [] []
[2023-01-09T13:31:04.299491+00:00] Profile.WARNING: Adresas: [GET] /favicon.ico nerastas [] []
[2023-01-09T13:33:07.813854+00:00] Profile.WARNING: Adresas: [GET] /favicon.ico nerastas [] []
[2023-01-09T13:33:16.213424+00:00] Profile.WARNING: Adresas: [GET] /favicon.ico nerastas [] []
[2023-01-10T07:24:57.882606+00:00] Profile.WARNING: Adresas: [GET] /81 nerastas [] []
[2023-01-10T07:24:59.225200+00:00] Profile.WARNING: Adresas: [GET] /favicon.ico nerastas [] []
[2023-01-19T07:45:18.211690+00:00] Profile.WARNING: Adresas: [GET] /favicon.ico nerastas [] []
[2023-01-19T07:46:40.260766+00:00] Profile.WARNING: Adresas: [GET] /favicon.ico nerastas [] []
[2023-01-19T08:51:11.578747+00:00] Profile.WARNING: Adresas: [GET] /favicon.ico nerastas [] []
[2023-01-19T08:51:18.382410+00:00] Profile.WARNING: Adresas: [GET] /favicon.ico nerastas [] []
[2023-01-19T08:56:35.259754+00:00] Profile.WARNING: Adresas: [GET] /favicon.ico nerastas [] []
[2023-01-19T08:56:43.057712+00:00] Profile.ERROR: SQLSTATE[HY000] [1045] Access denied for user 'tautvydas'@'172.18.0.4' (using password: YES) [] []
[2023-01-19T08:56:43.421402+00:00] Profile.WARNING: Adresas: [GET] /favicon.ico nerastas [] []
[2023-01-19T08:58:00.650518+00:00] Profile.WARNING: Adresas: [GET] /favicon.ico nerastas [] []
[2023-01-19T08:58:04.562816+00:00] Profile.WARNING: Adresas: [GET] /favicon.ico nerastas [] []
[2023-01-19T12:11:16.398137+00:00] Profile.WARNING: Adresas: [GET] /favicon.ico nerastas [] []
[2023-01-19T12:11:26.491792+00:00] Profile.WARNING: Adresas: [GET] /favicon.ico nerastas [] []
[2023-01-19T12:12:21.718631+00:00] Profile.WARNING: Adresas: [GET] /favicon.ico nerastas [] []
[2023-01-19T12:12:27.170690+00:00] Profile.ERROR: Netinkamas asmens kodas [] []
[2023-01-19T12:12:27.653451+00:00] Profile.WARNING: Adresas: [GET] /favicon.ico nerastas [] []
[2023-01-19T12:13:44.160000+00:00] Profile.WARNING: Adresas: [GET] /favicon.ico nerastas [] []
[2023-01-19T12:13:52.562270+00:00] Profile.ERROR: Netinkamas asmens kodas [] []
[2023-01-19T12:13:52.873289+00:00] Profile.WARNING: Adresas: [GET] /favicon.ico nerastas [] []
[2023-01-19T12:14:09.615966+00:00] Profile.WARNING: Adresas: [GET] /favicon.ico nerastas [] []
[2023-01-19T12:14:23.820645+00:00] Profile.WARNING: Adresas: [GET] /favicon.ico nerastas [] []
[2023-01-19T12:14:49.726665+00:00] Profile.WARNING: Adresas: [GET] /favicon.ico nerastas [] []
[2023-01-19T12:14:54.883386+00:00] Profile.WARNING: Adresas: [GET] /favicon.ico nerastas [] []
